<?xml version="1.0" encoding="UTF-8" ?>
<testsuite errors="0" failures="0" hostname="hormiga-6902" name="Test.TestArchivo" tests="5" time="0.065" timestamp="2012-08-17T20:06:24">
  <properties>
[...]
</properties>
  <testcase classname="Test.TestArchivo" name="testAgregarNodo" time="0.0050" />
  <testcase classname="Test.TestArchivo" name="testEliminarEtiqueta" time="0.0050" />
  <testcase classname="Test.TestArchivo" name="testBuscarArchivo" time="0.0" />
  <testcase classname="Test.TestArchivo" name="testBuscar" time="0.0" />
  <testcase classname="Test.TestArchivo" name="testEliminarNodo" time="0.0" />
  <system-out><![CDATA[]]></system-out>
  <system-err><![CDATA[]]></system-err>
</testsuite>
